SF:lib\src\models\weather.dart
DA:17,1
DA:23,0
DA:24,0
DA:26,0
DA:32,1
DA:34,1
DA:35,1
DA:36,1
DA:37,1
LF:9
LH:6
end_of_record
SF:lib\src\models\weather.g.dart
DA:9,0
DA:12,0
DA:13,0
DA:15,0
DA:16,0
DA:17,0
DA:18,0
DA:24,0
DA:25,0
DA:26,0
DA:27,0
LF:11
LH:0
end_of_record
SF:lib\src\weather_repository.dart
DA:7,1
DA:9,1
DA:13,1
DA:14,2
DA:15,2
DA:16,1
DA:17,1
DA:19,1
DA:20,1
DA:21,1
DA:22,3
DA:28,1
DA:30,1
DA:32,1
DA:33,1
DA:34,1
DA:35,1
DA:36,1
DA:38,1
DA:39,1
DA:40,1
DA:41,1
DA:42,1
DA:43,1
DA:44,1
DA:45,1
DA:46,1
DA:47,1
DA:48,1
DA:49,1
DA:50,1
DA:51,1
DA:52,1
DA:53,1
DA:55,1
DA:56,1
DA:57,1
DA:58,1
DA:59,1
DA:60,1
LF:40
LH:40
end_of_record
